TN:
SF:src/cssParser.ts
FN:16,(anonymous_6)
FN:80,(anonymous_7)
FN:88,(anonymous_8)
FN:99,(anonymous_9)
FN:135,(anonymous_10)
FN:196,(anonymous_11)
FN:200,(anonymous_12)
FN:228,(anonymous_13)
FN:242,(anonymous_14)
FN:245,(anonymous_15)
FN:298,(anonymous_16)
FN:340,(anonymous_17)
FNF:12
FNH:12
FNDA:18,(anonymous_6)
FNDA:8,(anonymous_7)
FNDA:41,(anonymous_8)
FNDA:34,(anonymous_9)
FNDA:1,(anonymous_10)
FNDA:34,(anonymous_11)
FNDA:3,(anonymous_12)
FNDA:34,(anonymous_13)
FNDA:5,(anonymous_14)
FNDA:3,(anonymous_15)
FNDA:2,(anonymous_16)
FNDA:1,(anonymous_17)
DA:1,2
DA:12,2
DA:17,18
DA:18,18
DA:21,18
DA:22,2
DA:26,16
DA:27,1
DA:31,15
DA:34,15
DA:37,15
DA:40,15
DA:41,30
DA:44,30
DA:45,0
DA:49,30
DA:50,0
DA:54,30
DA:56,30
DA:57,30
DA:59,30
DA:60,30
DA:61,30
DA:62,30
DA:64,30
DA:74,15
DA:81,8
DA:82,8
DA:89,41
DA:100,34
DA:103,34
DA:104,0
DA:108,34
DA:109,0
DA:113,34
DA:114,0
DA:121,34
DA:126,0
DA:129,34
DA:136,1
DA:139,1
DA:142,1
DA:145,1
DA:148,1
DA:151,1
DA:152,1
DA:155,1
DA:156,0
DA:160,1
DA:161,0
DA:165,1
DA:166,0
DA:170,1
DA:172,1
DA:173,1
DA:175,1
DA:176,1
DA:177,1
DA:178,1
DA:180,1
DA:190,1
DA:199,34
DA:200,3
DA:201,1
DA:204,1
DA:205,1
DA:207,1
DA:208,1
DA:210,1
DA:212,1
DA:213,1
DA:222,33
DA:230,34
DA:231,34
DA:232,34
DA:234,34
DA:235,31
DA:242,5
DA:243,3
DA:245,3
DA:246,1
DA:247,1
DA:248,1
DA:250,1
DA:252,1
DA:253,1
DA:262,2
DA:263,2
DA:264,2
DA:265,2
DA:267,2
DA:268,1
DA:269,1
DA:276,1
DA:277,1
DA:279,1
DA:281,1
DA:282,1
DA:284,1
DA:286,1
DA:287,1
DA:294,0
DA:299,2
DA:302,2
DA:305,2
DA:308,2
DA:309,2
DA:311,2
DA:312,2
DA:313,2
DA:314,2
DA:315,2
DA:316,2
DA:317,2
DA:319,2
DA:330,2
DA:333,2
DA:334,1
DA:336,1
DA:337,1
DA:338,1
DA:340,1
DA:341,1
DA:342,1
DA:343,1
DA:344,1
DA:345,1
DA:347,1
DA:358,2
LF:129
LH:119
BRDA:21,0,0,2
BRDA:26,1,0,1
BRDA:44,2,0,0
BRDA:49,3,0,0
BRDA:54,4,0,30
BRDA:57,5,0,30
BRDA:60,6,0,30
BRDA:103,7,0,0
BRDA:108,8,0,0
BRDA:108,9,0,34
BRDA:108,9,1,34
BRDA:108,9,2,34
BRDA:113,10,0,0
BRDA:121,11,0,0
BRDA:121,12,0,34
BRDA:121,12,1,0
BRDA:121,12,2,0
BRDA:121,12,3,0
BRDA:121,12,4,0
BRDA:155,13,0,0
BRDA:160,14,0,0
BRDA:165,15,0,0
BRDA:165,16,0,1
BRDA:165,16,1,0
BRDA:170,17,0,1
BRDA:173,18,0,1
BRDA:176,19,0,1
BRDA:199,20,0,1
BRDA:205,21,0,1
BRDA:210,22,0,1
BRDA:210,23,0,1
BRDA:210,23,1,1
BRDA:234,24,0,31
BRDA:234,25,0,34
BRDA:234,25,1,31
BRDA:243,26,0,1
BRDA:250,27,0,1
BRDA:250,28,0,1
BRDA:250,28,1,1
BRDA:262,29,0,2
BRDA:262,29,1,0
BRDA:267,30,0,1
BRDA:267,31,0,2
BRDA:267,31,1,1
BRDA:279,32,0,1
BRDA:279,33,0,1
BRDA:279,33,1,1
BRDA:284,34,0,1
BRDA:284,35,0,1
BRDA:284,35,1,1
BRDA:311,36,0,2
BRDA:311,37,0,2
BRDA:311,37,1,2
BRDA:311,37,2,2
BRDA:311,37,3,2
BRDA:313,38,0,2
BRDA:315,39,0,2
BRDA:336,40,0,1
BRDA:336,41,0,1
BRDA:336,41,1,1
BRDA:336,41,2,1
BRDA:336,41,3,1
BRDA:338,42,0,1
BRDA:341,43,0,1
BRDA:343,44,0,1
BRF:65
BRH:50
end_of_record
TN:
SF:src/extension.ts
FN:8,activate
FN:20,(anonymous_7)
FN:33,(anonymous_8)
FN:38,(anonymous_9)
FN:45,(anonymous_10)
FN:65,updateDecorations
FN:120,clearDecorations
FN:131,deactivate
FNF:8
FNH:0
FNDA:0,activate
FNDA:0,(anonymous_7)
FNDA:0,(anonymous_8)
FNDA:0,(anonymous_9)
FNDA:0,(anonymous_10)
FNDA:0,updateDecorations
FNDA:0,clearDecorations
FNDA:0,deactivate
DA:1,0
DA:2,0
DA:3,0
DA:8,0
DA:9,0
DA:11,0
DA:20,0
DA:21,0
DA:22,0
DA:23,0
DA:25,0
DA:26,0
DA:28,0
DA:33,0
DA:34,0
DA:38,0
DA:39,0
DA:40,0
DA:45,0
DA:46,0
DA:47,0
DA:52,0
DA:54,0
DA:66,0
DA:67,0
DA:68,0
DA:71,0
DA:72,0
DA:73,0
DA:75,0
DA:76,0
DA:77,0
DA:80,0
DA:81,0
DA:82,0
DA:83,0
DA:86,0
DA:87,0
DA:88,0
DA:90,0
DA:91,0
DA:94,0
DA:95,0
DA:97,0
DA:99,0
DA:107,0
DA:110,0
DA:112,0
DA:113,0
DA:121,0
DA:122,0
DA:123,0
DA:131,0
DA:132,0
LF:54
LH:0
BRDA:25,0,0,0
BRDA:25,0,1,0
BRDA:39,1,0,0
BRDA:39,2,0,0
BRDA:39,2,1,0
BRDA:46,3,0,0
BRDA:67,4,0,0
BRDA:75,5,0,0
BRDA:75,6,0,0
BRDA:75,6,1,0
BRDA:81,7,0,0
BRDA:97,8,0,0
BRDA:97,8,1,0
BRDA:122,9,0,0
BRF:14
BRH:0
end_of_record
TN:
SF:src/specificityCalculator.ts
FN:20,(anonymous_0)
FN:58,(anonymous_1)
FN:120,(anonymous_2)
FN:135,(anonymous_3)
FNF:4
FNH:4
FNDA:55,(anonymous_0)
FNDA:70,(anonymous_1)
FNDA:92,(anonymous_2)
FNDA:61,(anonymous_3)
DA:14,2
DA:22,55
DA:27,55
DA:28,55
DA:29,55
DA:30,55
DA:33,55
DA:36,55
DA:38,55
DA:39,61
DA:40,61
DA:41,55
DA:45,55
DA:46,55
DA:48,55
DA:59,70
DA:60,70
DA:61,70
DA:62,70
DA:65,70
DA:68,70
DA:69,70
DA:70,7
DA:71,9
DA:72,9
DA:73,9
DA:74,9
DA:75,9
DA:77,7
DA:81,70
DA:82,70
DA:83,12
DA:85,12
DA:89,70
DA:90,70
DA:91,38
DA:92,38
DA:96,70
DA:97,70
DA:98,8
DA:99,8
DA:103,70
DA:104,70
DA:105,6
DA:106,6
DA:111,70
DA:112,70
DA:113,12
DA:114,12
DA:119,70
DA:120,92
DA:122,70
DA:123,26
DA:124,25
DA:128,70
DA:136,61
DA:137,178
DA:138,123
DA:140,4
LF:59
LH:59
BRDA:40,0,0,55
BRDA:69,1,0,7
BRDA:82,2,0,12
BRDA:90,3,0,38
BRDA:97,4,0,8
BRDA:104,5,0,6
BRDA:112,6,0,12
BRDA:120,7,0,92
BRDA:120,7,1,26
BRDA:123,8,0,25
BRDA:137,9,0,55
BRDA:138,10,0,2
BRF:12
BRH:12
end_of_record
